[DEBUG] Starting server with MOCK_CV=true and FORCE_MOCK_GEMINI=true 
[DB] Connecting to mongodb://127.0.0.1:27017/thumbnail_linter...

🚀 Backend (Core + Debug) running on 8787
Target: http://localhost:8001
DB: mongodb://127.0.0.1:27017/thumbnail_linter
[DB] Connected & Indexed.
[Executor] Started Run 6993e6b230a08988bfa6c11e (production/full)
[server] Using MOCK CV signals
[Orchestrator] Starting analysis for: I Survived 100 Days in Hardcore Minecraft (Mode: full)
[V3] Cheap swarm starting with 6 lenses (strict mode)...
[V3] Cheap swarm: 11 raw → 11 deduped hypotheses
[GeminiIntent] Using MOCK response
[YouTubeRetriever] OK in 2468ms | 20 candidates from 2 queries
[SimilarityReranker] OK in 3ms | best1=C_jsQULcpZs (score=0.850)
[LeanRagBuilder] OK in 0ms | 8 refs, game=Minecraft
[CheapSwarmRef] OK in 7698ms | 8 hypotheses from 3 lenses
[MergeGate] OK in 0ms | 11 baseline + 8 ref → 19 merged
[Executor] Run 6993e6b230a08988bfa6c11e completed OK — persisting to DB...
[Executor] Run 6993e6b230a08988bfa6c11e persisted as OK.
[Executor] Started Run 6993e6fc30a08988bfa6c11f (production/full)
[server] Using MOCK CV signals
[Orchestrator] Starting analysis for: I Survived 100 Days in Hardcore Minecraft (Mode: full)
[V3] Cheap swarm starting with 6 lenses (strict mode)...
[V3] Cheap swarm: 10 raw → 10 deduped hypotheses
[GeminiIntent] Using MOCK response
[YouTubeRetriever] OK in 1175ms | 34 candidates from 2 queries
[SimilarityReranker] OK in 2ms | best1=C_jsQULcpZs (score=0.850)
[LeanRagBuilder] OK in 0ms | 8 refs, game=Minecraft
[CheapSwarmRef] OK in 7422ms | 9 hypotheses from 3 lenses
[MergeGate] OK in 0ms | 10 baseline + 9 ref → 19 merged
[Executor] Run 6993e6fc30a08988bfa6c11f completed OK — persisting to DB...
[Executor] Run 6993e6fc30a08988bfa6c11f persisted as OK.
